This is pdfTeX, Version 3.14159265-2.6-1.40.16 (TeX Live 2015) (preloaded format=pdftex 2016.5.19)  20 FEB 2017 15:31
entering extended mode
 restricted \write18 enabled.
 file:line:error style messages enabled.
 %&-line parsing enabled.
**/Users/christina/Downloads/FormattingGuidelinesIJCAI-17/Dataset.tex
(/Users/christina/Downloads/FormattingGuidelinesIJCAI-17/Dataset.tex
/Users/christina/Downloads/FormattingGuidelinesIJCAI-17/Dataset.tex:1: Undefined control sequence.
l.1 \section
            {Dataset Preparation}
The control sequence at the end of the top line
of your error message was never \def'ed. If you have
misspelled it (e.g., `\hobx'), type `I' and the correct
spelling (e.g., `I\hbox'). Otherwise just continue,
and I'll forget about whatever was undefined.

/Users/christina/Downloads/FormattingGuidelinesIJCAI-17/Dataset.tex:2: Undefined control sequence.
l.2 ...of S1 and S2 are illustrated in Figure~\ref
                                                  {fig:3}.
The control sequence at the end of the top line
of your error message was never \def'ed. If you have
misspelled it (e.g., `\hobx'), type `I' and the correct
spelling (e.g., `I\hbox'). Otherwise just continue,
and I'll forget about whatever was undefined.

/Users/christina/Downloads/FormattingGuidelinesIJCAI-17/Dataset.tex:4: Undefined control sequence.
l.4 \begin
          {quote}
The control sequence at the end of the top line
of your error message was never \def'ed. If you have
misspelled it (e.g., `\hobx'), type `I' and the correct
spelling (e.g., `I\hbox'). Otherwise just continue,
and I'll forget about whatever was undefined.

/Users/christina/Downloads/FormattingGuidelinesIJCAI-17/Dataset.tex:5: Undefined control sequence.
l.5 	\textbf
            {S1}: \underline{\emph{Remedy Corp}} was sold to \underline{\emp...
The control sequence at the end of the top line
of your error message was never \def'ed. If you have
misspelled it (e.g., `\hobx'), type `I' and the correct
spelling (e.g., `I\hbox'). Otherwise just continue,
and I'll forget about whatever was undefined.

/Users/christina/Downloads/FormattingGuidelinesIJCAI-17/Dataset.tex:5: Missing $ inserted.
<inserted text> 
                $
<to be read again> 
                   \underline 
l.5 	\textbf{S1}: \underline
                            {\emph{Remedy Corp}} was sold to \underline{\emp...
I've inserted a begin-math/end-math symbol since I think
you left one out. Proceed, with fingers crossed.

/Users/christina/Downloads/FormattingGuidelinesIJCAI-17/Dataset.tex:5: Undefined control sequence.
l.5 	\textbf{S1}: \underline{\emph
                                  {Remedy Corp}} was sold to \underline{\emp...
The control sequence at the end of the top line
of your error message was never \def'ed. If you have
misspelled it (e.g., `\hobx'), type `I' and the correct
spelling (e.g., `I\hbox'). Otherwise just continue,
and I'll forget about whatever was undefined.

/Users/christina/Downloads/FormattingGuidelinesIJCAI-17/Dataset.tex:5: Undefined control sequence.
l.5 ...{Remedy Corp}} was sold to \underline{\emph
                                                  {BMC Software}} as the \un...
The control sequence at the end of the top line
of your error message was never \def'ed. If you have
misspelled it (e.g., `\hobx'), type `I' and the correct
spelling (e.g., `I\hbox'). Otherwise just continue,
and I'll forget about whatever was undefined.

/Users/christina/Downloads/FormattingGuidelinesIJCAI-17/Dataset.tex:5: Undefined control sequence.
l.5 ...emph{BMC Software}} as the \underline{\emph
                                                  {Service Management Busine...
The control sequence at the end of the top line
of your error message was never \def'ed. If you have
misspelled it (e.g., `\hobx'), type `I' and the correct
spelling (e.g., `I\hbox'). Otherwise just continue,
and I'll forget about whatever was undefined.

/Users/christina/Downloads/FormattingGuidelinesIJCAI-17/Dataset.tex:5: Undefined control sequence.
l.5 ...agement Business}} Unit in \underline{\emph
                                                  {2004}}.
The control sequence at the end of the top line
of your error message was never \def'ed. If you have
misspelled it (e.g., `\hobx'), type `I' and the correct
spelling (e.g., `I\hbox'). Otherwise just continue,
and I'll forget about whatever was undefined.

/Users/christina/Downloads/FormattingGuidelinesIJCAI-17/Dataset.tex:6: Missing $ inserted.
<inserted text> 
                $
<to be read again> 
                   \end 
l.6 \end
        {quote}
I've inserted a begin-math/end-math symbol since I think
you left one out. Proceed, with fingers crossed.

[1{/usr/local/texlive/2015/texmf-var/fonts/map/pdftex/updmap/pdftex.map}] )</usr/local/texlive/2015/texmf-dist/fonts/type1/public/amsfonts/cm/cmmi10.pfb></usr/local/texlive/2015/texmf-dist/fonts/type1/public/amsfonts/cm/cmr10.pfb>
Output written on /Users/christina/Downloads/FormattingGuidelinesIJCAI-17/.texpadtmp/Dataset.pdf (1 page, 31778 bytes).
PDF statistics:
 16 PDF objects out of 1000 (max. 8388607)
 10 compressed objects within 1 object stream
 0 named destinations out of 1000 (max. 500000)
 1 words of extra memory for PDF output out of 10000 (max. 10000000)

