This is pdfTeX, Version 3.14159265-2.6-1.40.16 (TeX Live 2015) (preloaded format=pdftex 2016.5.19)  20 FEB 2017 15:10
entering extended mode
 restricted \write18 enabled.
 file:line:error style messages enabled.
 %&-line parsing enabled.
**/Users/christina/Downloads/FormattingGuidelinesIJCAI-17/Introduct.tex
(/Users/christina/Downloads/FormattingGuidelinesIJCAI-17/Introduct.tex
/Users/christina/Downloads/FormattingGuidelinesIJCAI-17/Introduct.tex:1: Undefined control sequence.
l.1 \section
            {Introduction}
The control sequence at the end of the top line
of your error message was never \def'ed. If you have
misspelled it (e.g., `\hobx'), type `I' and the correct
spelling (e.g., `I\hbox'). Otherwise just continue,
and I'll forget about whatever was undefined.

/Users/christina/Downloads/FormattingGuidelinesIJCAI-17/Introduct.tex:2: Undefined control sequence.
l.2 ...by Automatic Content Extraction (ACE) \cite
                                                  {doddington2004automatic} ...
The control sequence at the end of the top line
of your error message was never \def'ed. If you have
misspelled it (e.g., `\hobx'), type `I' and the correct
spelling (e.g., `I\hbox'). Otherwise just continue,
and I'll forget about whatever was undefined.

/Users/christina/Downloads/FormattingGuidelinesIJCAI-17/Introduct.tex:2: Undefined control sequence.
l.2 ...terminologies for event extraction: \textbf
                                                  {trigger} and \textbf{argu...
The control sequence at the end of the top line
of your error message was never \def'ed. If you have
misspelled it (e.g., `\hobx'), type `I' and the correct
spelling (e.g., `I\hbox'). Otherwise just continue,
and I'll forget about whatever was undefined.

/Users/christina/Downloads/FormattingGuidelinesIJCAI-17/Introduct.tex:2: Undefined control sequence.
l.2 ...nt extraction: \textbf{trigger} and \textbf
                                                  {argument}. The former one...
The control sequence at the end of the top line
of your error message was never \def'ed. If you have
misspelled it (e.g., `\hobx'), type `I' and the correct
spelling (e.g., `I\hbox'). Otherwise just continue,
and I'll forget about whatever was undefined.

/Users/christina/Downloads/FormattingGuidelinesIJCAI-17/Introduct.tex:4: Undefined control sequence.
l.4 ...event, like ``in prison'' triggers an \emph
                                                  {arrest} event? Or can a p...
The control sequence at the end of the top line
of your error message was never \def'ed. If you have
misspelled it (e.g., `\hobx'), type `I' and the correct
spelling (e.g., `I\hbox'). Otherwise just continue,
and I'll forget about whatever was undefined.

/Users/christina/Downloads/FormattingGuidelinesIJCAI-17/Introduct.tex:4: Undefined control sequence.
l.4 ...e ``ex'' in ``ex-husband'' triggers a \emph
                                                  {divorce} event?
The control sequence at the end of the top line
of your error message was never \def'ed. If you have
misspelled it (e.g., `\hobx'), type `I' and the correct
spelling (e.g., `I\hbox'). Otherwise just continue,
and I'll forget about whatever was undefined.

/Users/christina/Downloads/FormattingGuidelinesIJCAI-17/Introduct.tex:9: Undefined control sequence.
l.9 ...ay. On the other hand, recent studies \cite
                                                  {mintz2009distant,zeng2015...
The control sequence at the end of the top line
of your error message was never \def'ed. If you have
misspelled it (e.g., `\hobx'), type `I' and the correct
spelling (e.g., `I\hbox'). Otherwise just continue,
and I'll forget about whatever was undefined.

/Users/christina/Downloads/FormattingGuidelinesIJCAI-17/Introduct.tex:10: Undefined control sequence.
l.10 ...oth quality and quantity (see Section~\ref
                                                  {datagen}). Among these hy...
The control sequence at the end of the top line
of your error message was never \def'ed. If you have
misspelled it (e.g., `\hobx'), type `I' and the correct
spelling (e.g., `I\hbox'). Otherwise just continue,
and I'll forget about whatever was undefined.

/Users/christina/Downloads/FormattingGuidelinesIJCAI-17/Introduct.tex:10: Undefined control sequence.
l.10 ...re some relevant arguments, called \textbf
                                                  {key arguments}, which tog...
The control sequence at the end of the top line
of your error message was never \def'ed. If you have
misspelled it (e.g., `\hobx'), type `I' and the correct
spelling (e.g., `I\hbox'). Otherwise just continue,
and I'll forget about whatever was undefined.

/Users/christina/Downloads/FormattingGuidelinesIJCAI-17/Introduct.tex:10: Undefined control sequence.
l.10 ...tion, according to Mintz et al. \shortcite
                                                  {mintz2009distant}, becaus...
The control sequence at the end of the top line
of your error message was never \def'ed. If you have
misspelled it (e.g., `\hobx'), type `I' and the correct
spelling (e.g., `I\hbox'). Otherwise just continue,
and I'll forget about whatever was undefined.

/Users/christina/Downloads/FormattingGuidelinesIJCAI-17/Introduct.tex:10: Undefined control sequence.
l.10 ...t a natural fit with Freebase. Figure~\ref
                                                  {fig:3} illustrates two ex...
The control sequence at the end of the top line
of your error message was never \def'ed. If you have
misspelled it (e.g., `\hobx'), type `I' and the correct
spelling (e.g., `I\hbox'). Otherwise just continue,
and I'll forget about whatever was undefined.

/Users/christina/Downloads/FormattingGuidelinesIJCAI-17/Introduct.tex:12: Undefined control sequence.
l.12 ...revious ACE event extraction systems \cite
                                                  {ahn2006stages,li2013joint...
The control sequence at the end of the top line
of your error message was never \def'ed. If you have
misspelled it (e.g., `\hobx'), type `I' and the correct
spelling (e.g., `I\hbox'). Otherwise just continue,
and I'll forget about whatever was undefined.

/Users/christina/Downloads/FormattingGuidelinesIJCAI-17/Introduct.tex:12: Undefined control sequence.
l.12 ...ling tasks, like POS tagging and NER \cite
                                                  {huang2015bidirectional,la...
The control sequence at the end of the top line
of your error message was never \def'ed. If you have
misspelled it (e.g., `\hobx'), type `I' and the correct
spelling (e.g., `I\hbox'). Otherwise just continue,
and I'll forget about whatever was undefined.


Overfull \hbox (37.10605pt too wide) in paragraph at lines 12--13
[]\tenrm Second, un-like pre-vi-ous ACE event ex-trac-tion sys-tems ahn2006stages,li2013joint,chen2015event,nguyen2016joint,|

\hbox(6.94444+1.94444)x469.75499, glue set - 1.0
.\hbox(0.0+0.0)x20.0
.\tenrm S
.\tenrm e
.\tenrm c
.\tenrm o
.etc.

)
! Emergency stop.
<*> .../FormattingGuidelinesIJCAI-17/Introduct.tex
                                                  
*** (job aborted, no legal \end found)

!  ==> Fatal error occurred, no output PDF file produced!
