This is pdfTeX, Version 3.14159265-2.6-1.40.16 (TeX Live 2015) (preloaded format=pdftex 2016.5.19)  20 FEB 2017 14:46
entering extended mode
 restricted \write18 enabled.
 file:line:error style messages enabled.
 %&-line parsing enabled.
**/Users/christina/Downloads/FormattingGuidelinesIJCAI-17/related.tex
(/Users/christina/Downloads/FormattingGuidelinesIJCAI-17/related.tex
/Users/christina/Downloads/FormattingGuidelinesIJCAI-17/related.tex:1: Undefined control sequence.
l.1 \section
            {Related Work}
The control sequence at the end of the top line
of your error message was never \def'ed. If you have
misspelled it (e.g., `\hobx'), type `I' and the correct
spelling (e.g., `I\hbox'). Otherwise just continue,
and I'll forget about whatever was undefined.

/Users/christina/Downloads/FormattingGuidelinesIJCAI-17/related.tex:2: Undefined control sequence.
l.2 ...ks defined by different programs (MUC \cite
                                                  {grishman1996message}, ACE...
The control sequence at the end of the top line
of your error message was never \def'ed. If you have
misspelled it (e.g., `\hobx'), type `I' and the correct
spelling (e.g., `I\hbox'). Otherwise just continue,
and I'll forget about whatever was undefined.

/Users/christina/Downloads/FormattingGuidelinesIJCAI-17/related.tex:2: Undefined control sequence.
l.2 ... (MUC \cite{grishman1996message}, ACE \cite
                                                  {doddington2004automatic},...
The control sequence at the end of the top line
of your error message was never \def'ed. If you have
misspelled it (e.g., `\hobx'), type `I' and the correct
spelling (e.g., `I\hbox'). Otherwise just continue,
and I'll forget about whatever was undefined.

/Users/christina/Downloads/FormattingGuidelinesIJCAI-17/related.tex:2: Undefined control sequence.
l.2 ...E \cite{doddington2004automatic}, ERE \cite
                                                  {song2015light} and TACKBP...
The control sequence at the end of the top line
of your error message was never \def'ed. If you have
misspelled it (e.g., `\hobx'), type `I' and the correct
spelling (e.g., `I\hbox'). Otherwise just continue,
and I'll forget about whatever was undefined.

/Users/christina/Downloads/FormattingGuidelinesIJCAI-17/related.tex:2: Undefined control sequence.
l.2 ..., ERE \cite{song2015light} and TACKBP \cite
                                                  {mitamura2015event}), all ...
The control sequence at the end of the top line
of your error message was never \def'ed. If you have
misspelled it (e.g., `\hobx'), type `I' and the correct
spelling (e.g., `I\hbox'). Otherwise just continue,
and I'll forget about whatever was undefined.

/Users/christina/Downloads/FormattingGuidelinesIJCAI-17/related.tex:4: Undefined control sequence.
l.4 ...to the classification. Li et al. \shortcite
                                                  {li2013joint} jointly lear...
The control sequence at the end of the top line
of your error message was never \def'ed. If you have
misspelled it (e.g., `\hobx'), type `I' and the correct
spelling (e.g., `I\hbox'). Otherwise just continue,
and I'll forget about whatever was undefined.

/Users/christina/Downloads/FormattingGuidelinesIJCAI-17/related.tex:6: Undefined control sequence.
l.6 ... have been employed. Chen et al. \shortcite
                                                  {chen2015event} propose a ...
The control sequence at the end of the top line
of your error message was never \def'ed. If you have
misspelled it (e.g., `\hobx'), type `I' and the correct
spelling (e.g., `I\hbox'). Otherwise just continue,
and I'll forget about whatever was undefined.

/Users/christina/Downloads/FormattingGuidelinesIJCAI-17/related.tex:6: Undefined control sequence.
l.6 ...l features better. Nguyen et al. \shortcite
                                                  {nguyen2016joint} propose ...
The control sequence at the end of the top line
of your error message was never \def'ed. If you have
misspelled it (e.g., `\hobx'), type `I' and the correct
spelling (e.g., `I\hbox'). Otherwise just continue,
and I'll forget about whatever was undefined.

/Users/christina/Downloads/FormattingGuidelinesIJCAI-17/related.tex:8: Undefined control sequence.
l.8 ...man-labeled corpus, Huang et al. \shortcite
                                                  {huang2016liberal} propose...
The control sequence at the end of the top line
of your error message was never \def'ed. If you have
misspelled it (e.g., `\hobx'), type `I' and the correct
spelling (e.g., `I\hbox'). Otherwise just continue,
and I'll forget about whatever was undefined.

/Users/christina/Downloads/FormattingGuidelinesIJCAI-17/related.tex:10: Undefined control sequence.
l.10 ...vision in binary relation extraction \cite
                                                  {mintz2009distant,zeng2015...
The control sequence at the end of the top line
of your error message was never \def'ed. If you have
misspelled it (e.g., `\hobx'), type `I' and the correct
spelling (e.g., `I\hbox'). Otherwise just continue,
and I'll forget about whatever was undefined.

)
! Emergency stop.
<*> ...ds/FormattingGuidelinesIJCAI-17/related.tex
                                                  
*** (job aborted, no legal \end found)

!  ==> Fatal error occurred, no output PDF file produced!
